<?xml version="1.0" encoding="UTF-8"?>
<!-- Generated by org.testng.reporters.JUnitXMLReporter -->
<testsuite ignored="1" hostname="DESKTOP-B3CLEUD" failures="0" tests="3" name="Release 2019.5 Sanity Testing" time="26.323" errors="0" timestamp="2025-01-31T22:41:17 IST">
  <testcase classname="com.dezlearn.test.EBay_Sanity" name="empty_search_test" time="3.408"/>
  <testcase classname="com.dezlearn.test.EBay_Advance_Search" name="advanceSearch" time="3.832"/>
  <testcase classname="com.dezlearn.test.EBay_Advance_Search" name="backToHomePage" time="8.313"/>
  <testcase classname="com.dezlearn.test.EBay_Advance_Search" name="refreshPage" time="0.0">
    <ignored/>
  </testcase> <!-- refreshPage -->
</testsuite> <!-- Release 2019.5 Sanity Testing -->
