<?xml version="1.0" encoding="UTF-8"?>
<!-- Generated by org.testng.reporters.JUnitXMLReporter -->
<testsuite ignored="2" hostname="DESKTOP-B3CLEUD" failures="0" tests="2" name="Regression" time="220.754" errors="0" timestamp="2025-03-09T13:09:06 IST">
  <testcase classname="com.dezlearn.test.TitleVerification" name="verifyTitle" time="1.086"/>
  <testcase classname="com.dezlearn.test.AddToCartProduct" name="ToAddProductInToCart" time="215.723"/>
  <testcase classname="com.dezlearn.test.BaseTest" name="@BeforeTest launchBrowser" time="0.0">
    <ignored/>
  </testcase> <!-- @BeforeTest launchBrowser -->
  <testcase classname="com.dezlearn.test.BaseTest" name="@AfterTest browserClose" time="0.0">
    <ignored/>
  </testcase> <!-- @AfterTest browserClose -->
</testsuite> <!-- Regression -->
