<?xml version="1.0" encoding="UTF-8"?>
<testng-results ignored="2" total="4" passed="2" failed="0" skipped="0">
  <reporter-output>
  </reporter-output>
  <suite started-at="2025-03-09T13:05:25 IST" name="Regression Test Suite" finished-at="2025-03-09T13:09:06 IST" duration-ms="220754">
    <groups>
    </groups>
    <test started-at="2025-03-09T13:05:25 IST" name="Regression" finished-at="2025-03-09T13:09:06 IST" duration-ms="220754">
      <class name="com.dezlearn.test.AddToCartProduct">
        <test-method signature="ToAddProductInToCart()[pri:0, instance:com.dezlearn.test.AddToCartProduct@3ee37e5a]" started-at="2025-03-09T13:05:29 IST" name="ToAddProductInToCart" finished-at="2025-03-09T13:09:05 IST" duration-ms="215723" status="PASS">
          <reporter-output>
          </reporter-output>
        </test-method> <!-- ToAddProductInToCart -->
      </class> <!-- com.dezlearn.test.AddToCartProduct -->
      <class name="com.dezlearn.test.TitleVerification">
        <test-method is-config="true" signature="launchBrowser(java.lang.String,java.lang.String)[pri:0, instance:com.dezlearn.test.TitleVerification@593aaf41]" started-at="2025-03-09T13:05:25 IST" name="launchBrowser" finished-at="2025-03-09T13:05:28 IST" duration-ms="3077" status="PASS">
          <params>
            <param index="0">
              <value>
                <![CDATA[Chrome]]>
              </value>
            </param>
            <param index="1">
              <value>
                <![CDATA[\\src\\test\\resources\\driver\\chromedriver.exe]]>
              </value>
            </param>
          </params>
          <reporter-output>
          </reporter-output>
        </test-method> <!-- launchBrowser -->
        <test-method signature="verifyTitle()[pri:0, instance:com.dezlearn.test.TitleVerification@593aaf41]" started-at="2025-03-09T13:05:28 IST" name="verifyTitle" finished-at="2025-03-09T13:05:29 IST" duration-ms="1086" status="PASS">
          <reporter-output>
          </reporter-output>
        </test-method> <!-- verifyTitle -->
        <test-method is-config="true" signature="browserClose()[pri:0, instance:com.dezlearn.test.TitleVerification@593aaf41]" started-at="2025-03-09T13:09:05 IST" name="browserClose" finished-at="2025-03-09T13:09:06 IST" duration-ms="835" status="PASS">
          <reporter-output>
          </reporter-output>
        </test-method> <!-- browserClose -->
      </class> <!-- com.dezlearn.test.TitleVerification -->
    </test> <!-- Regression -->
  </suite> <!-- Regression Test Suite -->
</testng-results>
